jax.errors.SimplifiedTraceback: For simplicity, JAX has removed its internal frames from the traceback of the following exception. Set JAX_TRACEBACK_FILTERING=off to include these.
The above exception was the direct cause of the following exception:
Traceback (most recent call last):
  File "/home/jm/workspace/jaxRL/ppo.py", line 330, in <module>
    main(args)
  File "/home/jm/workspace/jaxRL/ppo.py", line 306, in main
    out = train_jit(rng)
  File "/home/jm/workspace/jaxRL/ppo.py", line 86, in train
    env.action_space(env_params).n, activation=config["ACTIVATION"]
AttributeError: 'Box' object has no attribute 'n'
jax.errors.SimplifiedTraceback: For simplicity, JAX has removed its internal frames from the traceback of the following exception. Set JAX_TRACEBACK_FILTERING=off to include these.
The above exception was the direct cause of the following exception:
Traceback (most recent call last):
  File "/home/jm/workspace/jaxRL/ppo.py", line 330, in <module>
    main(args)
  File "/home/jm/workspace/jaxRL/ppo.py", line 306, in main
    out = train_jit(rng)
  File "/home/jm/workspace/jaxRL/ppo.py", line 86, in train
    env.action_space(env_params).n, activation=config["ACTIVATION"]
AttributeError: 'Box' object has no attribute 'n'